avconv version 9.18-6:9.18-0ubuntu0.14.04.1+fdkaac, Copyright (c) 2000-2014 the Libav developers
  built on Apr 10 2015 23:18:58 with gcc 4.8 (Ubuntu 4.8.2-19ubuntu1)
Input #0, image2, from 'imagenes/Cubo%02d.png':
  Duration: 00:00:04.00, start: 0.000000, bitrate: N/A
    Stream #0.0: Video: png, rgb24, 320x240, 25 fps, 25 tbr, 25 tbn
[libx264 @ 0x1409340] using cpu capabilities: MMX2 SSE2Fast SSSE3 SSE4.2 AVX
[libx264 @ 0x1409340] profile High, level 1.3
Output #0, avi, to 'h264/cub_h264_g6_ref0_r25.avi':
  Metadata:
    ISFT            : Lavf54.20.4
    Stream #0.0: Video: libx264, yuv420p, 320x240, q=-1--1, 25 tbn, 25 tbc
Stream mapping:
  Stream #0:0 -> #0:0 (png -> libx264)
Press ctrl-c to stop encoding
frame=  100 fps=  0 q=32765.0 Lsize=     446kB time=3.92 bitrate= 932.2kbits/s    
video:340kB audio:0kB global headers:0kB muxing overhead 31.097265%
[libx264 @ 0x1409340] frame I:20    Avg QP:25.86  size:  6580
[libx264 @ 0x1409340] frame P:80    Avg QP:27.93  size:  3963
[libx264 @ 0x1409340] mb I  I16..4: 10.1% 81.4%  8.5%
[libx264 @ 0x1409340] mb P  I16..4:  4.9% 26.7%  4.8%  P16..4: 22.9% 25.7% 10.6%  0.0%  0.0%    skip: 4.2%
[libx264 @ 0x1409340] 8x8 transform intra:76.5% inter:74.4%
[libx264 @ 0x1409340] coded y,uvDC,uvAC intra: 71.8% 93.7% 77.1% inter: 54.2% 64.0% 14.7%
[libx264 @ 0x1409340] i16 v,h,dc,p: 10% 41% 13% 36%
[libx264 @ 0x1409340] i8 v,h,dc,ddl,ddr,vr,hd,vl,hu: 20% 15% 21%  6%  6%  8%  5% 12%  7%
[libx264 @ 0x1409340] i4 v,h,dc,ddl,ddr,vr,hd,vl,hu: 23% 11% 15%  8%  8% 11%  6% 12%  5%
[libx264 @ 0x1409340] i8c dc,h,v,p: 41% 20% 22% 17%
[libx264 @ 0x1409340] Weighted P-Frames: Y:18.8% UV:15.0%
[libx264 @ 0x1409340] kb/s:897.32
bench: utime=1.225s maxrss=46064kB
