avconv version 9.18-6:9.18-0ubuntu0.14.04.1+fdkaac, Copyright (c) 2000-2014 the Libav developers
  built on Apr 10 2015 23:18:58 with gcc 4.8 (Ubuntu 4.8.2-19ubuntu1)
Input #0, image2, from 'imagenes/Cubo%02d.png':
  Duration: 00:00:04.00, start: 0.000000, bitrate: N/A
    Stream #0.0: Video: png, rgb24, 320x240, 25 fps, 25 tbr, 25 tbn
[libx264 @ 0x24c6340] using cpu capabilities: MMX2 SSE2Fast SSSE3 SSE4.2 AVX
[libx264 @ 0x24c6340] profile High, level 1.3
Output #0, avi, to 'h264/cub_h264_g7_ref0_r25.avi':
  Metadata:
    ISFT            : Lavf54.20.4
    Stream #0.0: Video: libx264, yuv420p, 320x240, q=-1--1, 25 tbn, 25 tbc
Stream mapping:
  Stream #0:0 -> #0:0 (png -> libx264)
Press ctrl-c to stop encoding
frame=  100 fps=  0 q=32766.0 Lsize=     451kB time=3.92 bitrate= 943.4kbits/s    
video:340kB audio:0kB global headers:0kB muxing overhead 32.749823%
[libx264 @ 0x24c6340] frame I:20    Avg QP:26.13  size:  6412
[libx264 @ 0x24c6340] frame P:80    Avg QP:27.93  size:  4074
[libx264 @ 0x24c6340] mb I  I16..4:  9.7% 79.9% 10.5%
[libx264 @ 0x24c6340] mb P  I16..4:  4.6% 30.4%  5.8%  P16..4: 22.4% 23.0%  9.5%  0.0%  0.0%    skip: 4.3%
[libx264 @ 0x24c6340] 8x8 transform intra:76.5% inter:74.3%
[libx264 @ 0x24c6340] coded y,uvDC,uvAC intra: 73.3% 94.2% 78.9% inter: 52.5% 63.4% 14.9%
[libx264 @ 0x24c6340] i16 v,h,dc,p: 11% 38% 12% 39%
[libx264 @ 0x24c6340] i8 v,h,dc,ddl,ddr,vr,hd,vl,hu: 21% 14% 20%  6%  6%  8%  5% 12%  7%
[libx264 @ 0x24c6340] i4 v,h,dc,ddl,ddr,vr,hd,vl,hu: 23% 12% 15%  9%  7% 10%  6% 13%  5%
[libx264 @ 0x24c6340] i8c dc,h,v,p: 41% 19% 23% 17%
[libx264 @ 0x24c6340] Weighted P-Frames: Y:16.2% UV:12.5%
[libx264 @ 0x24c6340] kb/s:908.32
bench: utime=1.234s maxrss=39040kB
