avconv version 9.18-6:9.18-0ubuntu0.14.04.1+fdkaac, Copyright (c) 2000-2014 the Libav developers
  built on Apr 10 2015 23:18:58 with gcc 4.8 (Ubuntu 4.8.2-19ubuntu1)
Input #0, image2, from 'imagenes/Cubo%02d.png':
  Duration: 00:00:04.00, start: 0.000000, bitrate: N/A
    Stream #0.0: Video: png, rgb24, 320x240, 25 fps, 25 tbr, 25 tbn
[libx264 @ 0x1dad340] using cpu capabilities: MMX2 SSE2Fast SSSE3 SSE4.2 AVX
[libx264 @ 0x1dad340] profile High, level 1.3
Output #0, avi, to 'h264/cub_h264_g21_ref0_r25.avi':
  Metadata:
    ISFT            : Lavf54.20.4
    Stream #0.0: Video: libx264, yuv420p, 320x240, q=-1--1, 25 tbn, 25 tbc
Stream mapping:
  Stream #0:0 -> #0:0 (png -> libx264)
Press ctrl-c to stop encoding
frame=  100 fps=  0 q=32764.0 Lsize=     432kB time=3.92 bitrate= 901.9kbits/s    
video:266kB audio:0kB global headers:0kB muxing overhead 62.276054%
[libx264 @ 0x1dad340] frame I:12    Avg QP:25.81  size:  6468
[libx264 @ 0x1dad340] frame P:88    Avg QP:27.95  size:  4047
[libx264 @ 0x1dad340] mb I  I16..4: 10.1% 81.6%  8.3%
[libx264 @ 0x1dad340] mb P  I16..4:  4.8% 28.9%  5.6%  P16..4: 22.6% 24.4%  9.3%  0.0%  0.0%    skip: 4.2%
[libx264 @ 0x1dad340] 8x8 transform intra:75.5% inter:74.4%
[libx264 @ 0x1dad340] coded y,uvDC,uvAC intra: 72.3% 93.7% 77.9% inter: 53.4% 63.6% 15.0%
[libx264 @ 0x1dad340] i16 v,h,dc,p:  9% 42% 13% 37%
[libx264 @ 0x1dad340] i8 v,h,dc,ddl,ddr,vr,hd,vl,hu: 20% 14% 21%  6%  6%  9%  5% 12%  7%
[libx264 @ 0x1dad340] i4 v,h,dc,ddl,ddr,vr,hd,vl,hu: 24% 11% 15%  9%  7% 10%  6% 13%  5%
[libx264 @ 0x1dad340] i8c dc,h,v,p: 41% 20% 23% 17%
[libx264 @ 0x1dad340] Weighted P-Frames: Y:15.9% UV:12.5%
[libx264 @ 0x1dad340] kb/s:867.59
bench: utime=1.295s maxrss=40716kB
