avconv version 9.18-6:9.18-0ubuntu0.14.04.1+fdkaac, Copyright (c) 2000-2014 the Libav developers
  built on Apr 10 2015 23:18:58 with gcc 4.8 (Ubuntu 4.8.2-19ubuntu1)
Input #0, image2, from 'imagenes/Cubo%02d.png':
  Duration: 00:00:04.00, start: 0.000000, bitrate: N/A
    Stream #0.0: Video: png, rgb24, 320x240, 25 fps, 25 tbr, 25 tbn
[libx264 @ 0x7db3c0] using cpu capabilities: MMX2 SSE2Fast SSSE3 SSE4.2 AVX
[libx264 @ 0x7db3c0] profile High, level 1.3
Output #0, avi, to 'h264/cub_h264_g8_ref0_r25.avi':
  Metadata:
    ISFT            : Lavf54.20.4
    Stream #0.0: Video: libx264, yuv420p, 320x240, q=-1--1, 25 tbn, 25 tbc
Stream mapping:
  Stream #0:0 -> #0:0 (png -> libx264)
Press ctrl-c to stop encoding
frame=  100 fps=  0 q=32764.0 Lsize=     444kB time=3.92 bitrate= 927.3kbits/s    
video:331kB audio:0kB global headers:0kB muxing overhead 34.062925%
[libx264 @ 0x7db3c0] frame I:18    Avg QP:26.28  size:  6197
[libx264 @ 0x7db3c0] frame P:82    Avg QP:27.91  size:  4081
[libx264 @ 0x7db3c0] mb I  I16..4:  9.9% 78.6% 11.4%
[libx264 @ 0x7db3c0] mb P  I16..4:  4.7% 29.9%  5.9%  P16..4: 22.0% 23.8%  9.5%  0.0%  0.0%    skip: 4.2%
[libx264 @ 0x7db3c0] 8x8 transform intra:75.5% inter:74.9%
[libx264 @ 0x7db3c0] coded y,uvDC,uvAC intra: 72.4% 94.2% 78.3% inter: 52.9% 64.0% 15.2%
[libx264 @ 0x7db3c0] i16 v,h,dc,p: 10% 42% 13% 35%
[libx264 @ 0x7db3c0] i8 v,h,dc,ddl,ddr,vr,hd,vl,hu: 20% 14% 21%  6%  6%  8%  5% 12%  7%
[libx264 @ 0x7db3c0] i4 v,h,dc,ddl,ddr,vr,hd,vl,hu: 23% 11% 15%  9%  8% 10%  6% 13%  5%
[libx264 @ 0x7db3c0] i8c dc,h,v,p: 41% 20% 23% 17%
[libx264 @ 0x7db3c0] Weighted P-Frames: Y:15.9% UV:13.4%
[libx264 @ 0x7db3c0] kb/s:892.45
bench: utime=1.254s maxrss=38908kB
