avconv version 9.18-6:9.18-0ubuntu0.14.04.1+fdkaac, Copyright (c) 2000-2014 the Libav developers
  built on Apr 10 2015 23:18:58 with gcc 4.8 (Ubuntu 4.8.2-19ubuntu1)
Input #0, image2, from 'imagenes/Cubo%02d.png':
  Duration: 00:00:04.00, start: 0.000000, bitrate: N/A
    Stream #0.0: Video: png, rgb24, 320x240, 25 fps, 25 tbr, 25 tbn
[libx264 @ 0x14243c0] using cpu capabilities: MMX2 SSE2Fast SSSE3 SSE4.2 AVX
[libx264 @ 0x14243c0] profile High, level 1.3
Output #0, avi, to 'h264/cub_h264_g13_ref0_r25.avi':
  Metadata:
    ISFT            : Lavf54.20.4
    Stream #0.0: Video: libx264, yuv420p, 320x240, q=-1--1, 25 tbn, 25 tbc
Stream mapping:
  Stream #0:0 -> #0:0 (png -> libx264)
Press ctrl-c to stop encoding
frame=  100 fps=  0 q=32766.0 Lsize=     435kB time=3.92 bitrate= 909.6kbits/s    
video:303kB audio:0kB global headers:0kB muxing overhead 43.533314%
[libx264 @ 0x14243c0] frame I:11    Avg QP:25.93  size:  6604
[libx264 @ 0x14243c0] frame P:89    Avg QP:27.92  size:  4100
[libx264 @ 0x14243c0] mb I  I16..4: 10.0% 81.0%  9.0%
[libx264 @ 0x14243c0] mb P  I16..4:  4.8% 30.9%  6.0%  P16..4: 22.4% 22.4%  9.4%  0.0%  0.0%    skip: 4.1%
[libx264 @ 0x14243c0] 8x8 transform intra:75.7% inter:75.0%
[libx264 @ 0x14243c0] coded y,uvDC,uvAC intra: 73.0% 94.0% 78.4% inter: 52.6% 63.6% 15.2%
[libx264 @ 0x14243c0] i16 v,h,dc,p: 11% 39% 14% 37%
[libx264 @ 0x14243c0] i8 v,h,dc,ddl,ddr,vr,hd,vl,hu: 20% 14% 20%  6%  6%  9%  5% 13%  7%
[libx264 @ 0x14243c0] i4 v,h,dc,ddl,ddr,vr,hd,vl,hu: 23% 12% 15%  9%  7% 10%  6% 13%  5%
[libx264 @ 0x14243c0] i8c dc,h,v,p: 41% 19% 23% 17%
[libx264 @ 0x14243c0] Weighted P-Frames: Y:13.5% UV:10.1%
[libx264 @ 0x14243c0] kb/s:875.16
bench: utime=1.265s maxrss=40640kB
