avconv version 9.18-6:9.18-0ubuntu0.14.04.1+fdkaac, Copyright (c) 2000-2014 the Libav developers
  built on Apr 10 2015 23:18:58 with gcc 4.8 (Ubuntu 4.8.2-19ubuntu1)
Input #0, image2, from 'imagenes/Cubo%02d.png':
  Duration: 00:00:04.00, start: 0.000000, bitrate: N/A
    Stream #0.0: Video: png, rgb24, 320x240, 25 fps, 25 tbr, 25 tbn
[libx264 @ 0x1d483c0] using cpu capabilities: MMX2 SSE2Fast SSSE3 SSE4.2 AVX
[libx264 @ 0x1d483c0] profile High, level 1.3
Output #0, avi, to 'h264/cub_h264_g12_ref0_r25.avi':
  Metadata:
    ISFT            : Lavf54.20.4
    Stream #0.0: Video: libx264, yuv420p, 320x240, q=-1--1, 25 tbn, 25 tbc
Stream mapping:
  Stream #0:0 -> #0:0 (png -> libx264)
Press ctrl-c to stop encoding
frame=  100 fps=  0 q=32766.0 Lsize=     438kB time=3.92 bitrate= 914.9kbits/s    
video:309kB audio:0kB global headers:0kB muxing overhead 41.613412%
[libx264 @ 0x1d483c0] frame I:12    Avg QP:25.84  size:  6527
[libx264 @ 0x1d483c0] frame P:88    Avg QP:27.90  size:  4112
[libx264 @ 0x1d483c0] mb I  I16..4:  9.8% 81.0%  9.2%
[libx264 @ 0x1d483c0] mb P  I16..4:  5.0% 31.4%  5.9%  P16..4: 21.9% 22.9%  8.9%  0.0%  0.0%    skip: 3.9%
[libx264 @ 0x1d483c0] 8x8 transform intra:75.9% inter:74.4%
[libx264 @ 0x1d483c0] coded y,uvDC,uvAC intra: 72.3% 93.8% 78.0% inter: 53.2% 64.2% 15.4%
[libx264 @ 0x1d483c0] i16 v,h,dc,p: 10% 42% 13% 35%
[libx264 @ 0x1d483c0] i8 v,h,dc,ddl,ddr,vr,hd,vl,hu: 20% 14% 21%  6%  6%  8%  5% 12%  7%
[libx264 @ 0x1d483c0] i4 v,h,dc,ddl,ddr,vr,hd,vl,hu: 23% 11% 15%  9%  7% 11%  6% 13%  5%
[libx264 @ 0x1d483c0] i8c dc,h,v,p: 41% 20% 23% 16%
[libx264 @ 0x1d483c0] Weighted P-Frames: Y:18.2% UV:14.8%
[libx264 @ 0x1d483c0] kb/s:880.32
bench: utime=1.266s maxrss=40312kB
