avconv version 9.18-6:9.18-0ubuntu0.14.04.1+fdkaac, Copyright (c) 2000-2014 the Libav developers
  built on Apr 10 2015 23:18:58 with gcc 4.8 (Ubuntu 4.8.2-19ubuntu1)
Input #0, image2, from 'imagenes/Cubo%02d.png':
  Duration: 00:00:04.00, start: 0.000000, bitrate: N/A
    Stream #0.0: Video: png, rgb24, 320x240, 25 fps, 25 tbr, 25 tbn
[libx264 @ 0x11013c0] using cpu capabilities: MMX2 SSE2Fast SSSE3 SSE4.2 AVX
[libx264 @ 0x11013c0] profile High, level 1.3
Output #0, avi, to 'h264/cub_h264_g100_ref0_r25.avi':
  Metadata:
    ISFT            : Lavf54.20.4
    Stream #0.0: Video: libx264, yuv420p, 320x240, q=-1--1, 25 tbn, 25 tbc
Stream mapping:
  Stream #0:0 -> #0:0 (png -> libx264)
Press ctrl-c to stop encoding
frame=  100 fps=  0 q=32764.0 Lsize=     427kB time=3.92 bitrate= 891.9kbits/s    
video:185kB audio:0kB global headers:0kB muxing overhead 130.933697%
[libx264 @ 0x11013c0] frame I:9     Avg QP:26.01  size:  6571
[libx264 @ 0x11013c0] frame P:91    Avg QP:27.91  size:  4063
[libx264 @ 0x11013c0] mb I  I16..4:  9.9% 80.2%  9.9%
[libx264 @ 0x11013c0] mb P  I16..4:  4.9% 29.7%  5.6%  P16..4: 22.6% 23.7%  9.3%  0.0%  0.0%    skip: 4.2%
[libx264 @ 0x11013c0] 8x8 transform intra:75.1% inter:74.4%
[libx264 @ 0x11013c0] coded y,uvDC,uvAC intra: 72.1% 93.7% 77.6% inter: 53.2% 63.9% 15.1%
[libx264 @ 0x11013c0] i16 v,h,dc,p:  9% 42% 13% 35%
[libx264 @ 0x11013c0] i8 v,h,dc,ddl,ddr,vr,hd,vl,hu: 20% 14% 21%  6%  6%  8%  5% 12%  7%
[libx264 @ 0x11013c0] i4 v,h,dc,ddl,ddr,vr,hd,vl,hu: 23% 11% 15%  9%  7% 11%  6% 13%  5%
[libx264 @ 0x11013c0] i8c dc,h,v,p: 41% 20% 23% 17%
[libx264 @ 0x11013c0] Weighted P-Frames: Y:17.6% UV:14.3%
[libx264 @ 0x11013c0] kb/s:857.77
bench: utime=1.292s maxrss=48636kB
