avconv version 9.18-6:9.18-0ubuntu0.14.04.1+fdkaac, Copyright (c) 2000-2014 the Libav developers
  built on Apr 10 2015 23:18:58 with gcc 4.8 (Ubuntu 4.8.2-19ubuntu1)
Input #0, image2, from 'imagenes/Cubo%02d.png':
  Duration: 00:00:04.00, start: 0.000000, bitrate: N/A
    Stream #0.0: Video: png, rgb24, 320x240, 25 fps, 25 tbr, 25 tbn
[libx264 @ 0x72b340] using cpu capabilities: MMX2 SSE2Fast SSSE3 SSE4.2 AVX
[libx264 @ 0x72b340] profile High, level 1.3
Output #0, avi, to 'h264/cub_h264_g19_ref0_r25.avi':
  Metadata:
    ISFT            : Lavf54.20.4
    Stream #0.0: Video: libx264, yuv420p, 320x240, q=-1--1, 25 tbn, 25 tbc
Stream mapping:
  Stream #0:0 -> #0:0 (png -> libx264)
Press ctrl-c to stop encoding
frame=  100 fps=  0 q=32766.0 Lsize=     441kB time=3.92 bitrate= 921.4kbits/s    
video:277kB audio:0kB global headers:0kB muxing overhead 59.151603%
[libx264 @ 0x72b340] frame I:16    Avg QP:25.92  size:  6593
[libx264 @ 0x72b340] frame P:84    Avg QP:27.92  size:  4022
[libx264 @ 0x72b340] mb I  I16..4: 10.0% 80.5%  9.5%
[libx264 @ 0x72b340] mb P  I16..4:  4.7% 28.8%  5.3%  P16..4: 22.7% 24.7%  9.6%  0.0%  0.0%    skip: 4.3%
[libx264 @ 0x72b340] 8x8 transform intra:76.3% inter:73.9%
[libx264 @ 0x72b340] coded y,uvDC,uvAC intra: 72.5% 93.9% 77.9% inter: 53.3% 63.9% 14.8%
[libx264 @ 0x72b340] i16 v,h,dc,p:  9% 40% 12% 38%
[libx264 @ 0x72b340] i8 v,h,dc,ddl,ddr,vr,hd,vl,hu: 20% 14% 21%  6%  6%  8%  5% 12%  7%
[libx264 @ 0x72b340] i4 v,h,dc,ddl,ddr,vr,hd,vl,hu: 23% 11% 15%  9%  7% 10%  6% 13%  5%
[libx264 @ 0x72b340] i8c dc,h,v,p: 41% 20% 23% 17%
[libx264 @ 0x72b340] Weighted P-Frames: Y:17.9% UV:14.3%
[libx264 @ 0x72b340] kb/s:886.73
bench: utime=1.222s maxrss=40368kB
