avconv version 9.18-6:9.18-0ubuntu0.14.04.1+fdkaac, Copyright (c) 2000-2014 the Libav developers
  built on Apr 10 2015 23:18:58 with gcc 4.8 (Ubuntu 4.8.2-19ubuntu1)
Input #0, image2, from 'imagenes/Cubo%02d.png':
  Duration: 00:00:04.00, start: 0.000000, bitrate: N/A
    Stream #0.0: Video: png, rgb24, 320x240, 25 fps, 25 tbr, 25 tbn
[libx264 @ 0x8113c0] using cpu capabilities: MMX2 SSE2Fast SSSE3 SSE4.2 AVX
[libx264 @ 0x8113c0] profile High, level 1.3
Output #0, avi, to 'h264/cub_h264_g2_ref0_r25.avi':
  Metadata:
    ISFT            : Lavf54.20.4
    Stream #0.0: Video: libx264, yuv420p, 320x240, q=-1--1, 25 tbn, 25 tbc
Stream mapping:
  Stream #0:0 -> #0:0 (png -> libx264)
Press ctrl-c to stop encoding
frame=  100 fps=  0 q=32766.0 Lsize=     502kB time=3.96 bitrate=1038.9kbits/s    
video:413kB audio:0kB global headers:0kB muxing overhead 21.696329%
[libx264 @ 0x8113c0] frame I:56    Avg QP:26.69  size:  5933
[libx264 @ 0x8113c0] frame P:44    Avg QP:27.95  size:  3953
[libx264 @ 0x8113c0] mb I  I16..4:  9.9% 77.2% 12.9%
[libx264 @ 0x8113c0] mb P  I16..4:  4.9% 27.6%  5.2%  P16..4: 22.4% 24.4% 11.0%  0.0%  0.0%    skip: 4.4%
[libx264 @ 0x8113c0] 8x8 transform intra:76.3% inter:76.2%
[libx264 @ 0x8113c0] coded y,uvDC,uvAC intra: 72.2% 94.5% 78.5% inter: 53.8% 64.2% 13.2%
[libx264 @ 0x8113c0] i16 v,h,dc,p: 10% 34% 13% 43%
[libx264 @ 0x8113c0] i8 v,h,dc,ddl,ddr,vr,hd,vl,hu: 21% 16% 20%  6%  5%  8%  5% 12%  7%
[libx264 @ 0x8113c0] i4 v,h,dc,ddl,ddr,vr,hd,vl,hu: 24% 14% 14%  9%  7%  9%  6% 13%  5%
[libx264 @ 0x8113c0] i8c dc,h,v,p: 42% 19% 22% 17%
[libx264 @ 0x8113c0] Weighted P-Frames: Y:20.5% UV:15.9%
[libx264 @ 0x8113c0] kb/s:1012.26
bench: utime=0.984s maxrss=32988kB
