avconv version 9.18-6:9.18-0ubuntu0.14.04.1+fdkaac, Copyright (c) 2000-2014 the Libav developers
  built on Apr 10 2015 23:18:58 with gcc 4.8 (Ubuntu 4.8.2-19ubuntu1)
Input #0, image2, from 'imagenes/Cubo%02d.png':
  Duration: 00:00:04.00, start: 0.000000, bitrate: N/A
    Stream #0.0: Video: png, rgb24, 320x240, 25 fps, 25 tbr, 25 tbn
[libx264 @ 0xc553c0] using cpu capabilities: MMX2 SSE2Fast SSSE3 SSE4.2 AVX
[libx264 @ 0xc553c0] profile High, level 1.3
Output #0, avi, to 'h264/cub_h264_g4_ref0_r25.avi':
  Metadata:
    ISFT            : Lavf54.20.4
    Stream #0.0: Video: libx264, yuv420p, 320x240, q=-1--1, 25 tbn, 25 tbc
Stream mapping:
  Stream #0:0 -> #0:0 (png -> libx264)
Press ctrl-c to stop encoding
frame=  100 fps=  0 q=32763.0 Lsize=     484kB time=3.92 bitrate=1011.9kbits/s    
video:378kB audio:0kB global headers:0kB muxing overhead 28.011814%
[libx264 @ 0xc553c0] frame I:35    Avg QP:26.06  size:  6370
[libx264 @ 0xc553c0] frame P:65    Avg QP:27.96  size:  4073
[libx264 @ 0xc553c0] mb I  I16..4:  9.3% 80.8%  9.9%
[libx264 @ 0xc553c0] mb P  I16..4:  4.2% 30.2%  6.0%  P16..4: 22.6% 22.9%  9.7%  0.0%  0.0%    skip: 4.4%
[libx264 @ 0xc553c0] 8x8 transform intra:78.2% inter:74.7%
[libx264 @ 0xc553c0] coded y,uvDC,uvAC intra: 73.7% 94.7% 79.6% inter: 52.6% 62.9% 14.3%
[libx264 @ 0xc553c0] i16 v,h,dc,p: 11% 34% 13% 41%
[libx264 @ 0xc553c0] i8 v,h,dc,ddl,ddr,vr,hd,vl,hu: 20% 15% 20%  6%  5%  8%  5% 12%  7%
[libx264 @ 0xc553c0] i4 v,h,dc,ddl,ddr,vr,hd,vl,hu: 23% 13% 15%  9%  7%  9%  7% 13%  5%
[libx264 @ 0xc553c0] i8c dc,h,v,p: 42% 19% 23% 17%
[libx264 @ 0xc553c0] Weighted P-Frames: Y:12.3% UV:10.8%
[libx264 @ 0xc553c0] kb/s:975.41
bench: utime=1.125s maxrss=36480kB
