avconv version 9.18-6:9.18-0ubuntu0.14.04.1+fdkaac, Copyright (c) 2000-2014 the Libav developers
  built on Apr 10 2015 23:18:58 with gcc 4.8 (Ubuntu 4.8.2-19ubuntu1)
Input #0, image2, from 'imagenes/Cubo%02d.png':
  Duration: 00:00:04.00, start: 0.000000, bitrate: N/A
    Stream #0.0: Video: png, rgb24, 320x240, 25 fps, 25 tbr, 25 tbn
[libx264 @ 0x238f3c0] using cpu capabilities: MMX2 SSE2Fast SSSE3 SSE4.2 AVX
[libx264 @ 0x238f3c0] profile High, level 1.3
Output #0, avi, to 'h264/cub_h264_g64_ref0_r25.avi':
  Metadata:
    ISFT            : Lavf54.20.4
    Stream #0.0: Video: libx264, yuv420p, 320x240, q=-1--1, 25 tbn, 25 tbc
Stream mapping:
  Stream #0:0 -> #0:0 (png -> libx264)
Press ctrl-c to stop encoding
frame=  100 fps=  0 q=32764.0 Lsize=     432kB time=3.92 bitrate= 903.1kbits/s    
video:188kB audio:0kB global headers:0kB muxing overhead 129.562610%
[libx264 @ 0x238f3c0] frame I:12    Avg QP:25.92  size:  6569
[libx264 @ 0x238f3c0] frame P:88    Avg QP:27.91  size:  4040
[libx264 @ 0x238f3c0] mb I  I16..4: 10.1% 81.2%  8.8%
[libx264 @ 0x238f3c0] mb P  I16..4:  4.9% 28.5%  5.6%  P16..4: 22.9% 24.0% 10.0%  0.0%  0.0%    skip: 4.1%
[libx264 @ 0x238f3c0] 8x8 transform intra:75.2% inter:73.8%
[libx264 @ 0x238f3c0] coded y,uvDC,uvAC intra: 72.2% 93.8% 77.4% inter: 53.7% 64.5% 15.0%
[libx264 @ 0x238f3c0] i16 v,h,dc,p: 11% 42% 12% 35%
[libx264 @ 0x238f3c0] i8 v,h,dc,ddl,ddr,vr,hd,vl,hu: 20% 14% 21%  6%  6%  9%  5% 12%  7%
[libx264 @ 0x238f3c0] i4 v,h,dc,ddl,ddr,vr,hd,vl,hu: 23% 11% 16%  9%  7% 10%  6% 14%  5%
[libx264 @ 0x238f3c0] i8c dc,h,v,p: 40% 20% 23% 17%
[libx264 @ 0x238f3c0] Weighted P-Frames: Y:18.2% UV:14.8%
[libx264 @ 0x238f3c0] kb/s:868.75
bench: utime=1.294s maxrss=48632kB
