avconv version 9.18-6:9.18-0ubuntu0.14.04.1+fdkaac, Copyright (c) 2000-2014 the Libav developers
  built on Apr 10 2015 23:18:58 with gcc 4.8 (Ubuntu 4.8.2-19ubuntu1)
Input #0, image2, from 'imagenes/Cubo%02d.png':
  Duration: 00:00:04.00, start: 0.000000, bitrate: N/A
    Stream #0.0: Video: png, rgb24, 320x240, 25 fps, 25 tbr, 25 tbn
[libx264 @ 0x1fc6340] using cpu capabilities: MMX2 SSE2Fast SSSE3 SSE4.2 AVX
[libx264 @ 0x1fc6340] profile High, level 1.3
Output #0, avi, to 'h264/cub_h264_g3_ref0_r25.avi':
  Metadata:
    ISFT            : Lavf54.20.4
    Stream #0.0: Video: libx264, yuv420p, 320x240, q=-1--1, 25 tbn, 25 tbc
Stream mapping:
  Stream #0:0 -> #0:0 (png -> libx264)
Press ctrl-c to stop encoding
frame=  100 fps=  0 q=32766.0 Lsize=     521kB time=3.92 bitrate=1088.0kbits/s    
video:418kB audio:0kB global headers:0kB muxing overhead 24.659539%
[libx264 @ 0x1fc6340] frame I:50    Avg QP:25.97  size:  6432
[libx264 @ 0x1fc6340] frame P:50    Avg QP:27.89  size:  4067
[libx264 @ 0x1fc6340] mb I  I16..4:  9.7% 80.7%  9.7%
[libx264 @ 0x1fc6340] mb P  I16..4:  4.5% 30.6%  5.8%  P16..4: 21.6% 23.2% 10.2%  0.0%  0.0%    skip: 4.2%
[libx264 @ 0x1fc6340] 8x8 transform intra:79.0% inter:75.8%
[libx264 @ 0x1fc6340] coded y,uvDC,uvAC intra: 73.6% 94.7% 79.5% inter: 52.8% 62.6% 13.3%
[libx264 @ 0x1fc6340] i16 v,h,dc,p: 11% 36% 12% 41%
[libx264 @ 0x1fc6340] i8 v,h,dc,ddl,ddr,vr,hd,vl,hu: 21% 16% 20%  6%  5%  8%  5% 12%  7%
[libx264 @ 0x1fc6340] i4 v,h,dc,ddl,ddr,vr,hd,vl,hu: 22% 12% 14% 10%  7% 10%  6% 13%  5%
[libx264 @ 0x1fc6340] i8c dc,h,v,p: 42% 19% 22% 17%
[libx264 @ 0x1fc6340] Weighted P-Frames: Y:18.0% UV:18.0%
[libx264 @ 0x1fc6340] kb/s:1049.96
bench: utime=1.025s maxrss=33452kB
