avconv version 9.18-6:9.18-0ubuntu0.14.04.1+fdkaac, Copyright (c) 2000-2014 the Libav developers
  built on Apr 10 2015 23:18:58 with gcc 4.8 (Ubuntu 4.8.2-19ubuntu1)
Input #0, image2, from 'imagenes/Cubo%02d.png':
  Duration: 00:00:04.00, start: 0.000000, bitrate: N/A
    Stream #0.0: Video: png, rgb24, 320x240, 25 fps, 25 tbr, 25 tbn
[libx264 @ 0x723340] using cpu capabilities: MMX2 SSE2Fast SSSE3 SSE4.2 AVX
[libx264 @ 0x723340] profile High, level 1.3
Output #0, avi, to 'h264/cub_h264_g14_ref0_r25.avi':
  Metadata:
    ISFT            : Lavf54.20.4
    Stream #0.0: Video: libx264, yuv420p, 320x240, q=-1--1, 25 tbn, 25 tbc
Stream mapping:
  Stream #0:0 -> #0:0 (png -> libx264)
Press ctrl-c to stop encoding
frame=  100 fps=  0 q=32763.0 Lsize=     439kB time=3.92 bitrate= 917.4kbits/s    
video:303kB audio:0kB global headers:0kB muxing overhead 44.912249%
[libx264 @ 0x723340] frame I:14    Avg QP:25.97  size:  6603
[libx264 @ 0x723340] frame P:86    Avg QP:27.90  size:  4057
[libx264 @ 0x723340] mb I  I16..4: 10.0% 81.5%  8.5%
[libx264 @ 0x723340] mb P  I16..4:  4.8% 29.9%  5.7%  P16..4: 22.6% 23.4%  9.5%  0.0%  0.0%    skip: 4.1%
[libx264 @ 0x723340] 8x8 transform intra:76.2% inter:74.2%
[libx264 @ 0x723340] coded y,uvDC,uvAC intra: 72.5% 93.7% 77.9% inter: 53.1% 64.0% 15.1%
[libx264 @ 0x723340] i16 v,h,dc,p: 10% 42% 13% 36%
[libx264 @ 0x723340] i8 v,h,dc,ddl,ddr,vr,hd,vl,hu: 20% 14% 21%  6%  6%  9%  5% 12%  7%
[libx264 @ 0x723340] i4 v,h,dc,ddl,ddr,vr,hd,vl,hu: 23% 11% 16%  9%  7% 10%  6% 13%  5%
[libx264 @ 0x723340] i8c dc,h,v,p: 41% 20% 23% 17%
[libx264 @ 0x723340] Weighted P-Frames: Y:15.1% UV:11.6%
[libx264 @ 0x723340] kb/s:882.76
bench: utime=1.257s maxrss=40888kB
