avconv version 9.18-6:9.18-0ubuntu0.14.04.1+fdkaac, Copyright (c) 2000-2014 the Libav developers
  built on Apr 10 2015 23:18:58 with gcc 4.8 (Ubuntu 4.8.2-19ubuntu1)
Input #0, image2, from 'imagenes/Cubo%02d.png':
  Duration: 00:00:04.00, start: 0.000000, bitrate: N/A
    Stream #0.0: Video: png, rgb24, 320x240, 25 fps, 25 tbr, 25 tbn
[libx264 @ 0x15f0340] using cpu capabilities: MMX2 SSE2Fast SSSE3 SSE4.2 AVX
[libx264 @ 0x15f0340] profile High, level 1.3
Output #0, avi, to 'h264/cub_h264_g5_ref0_r25.avi':
  Metadata:
    ISFT            : Lavf54.20.4
    Stream #0.0: Video: libx264, yuv420p, 320x240, q=-1--1, 25 tbn, 25 tbc
Stream mapping:
  Stream #0:0 -> #0:0 (png -> libx264)
Press ctrl-c to stop encoding
frame=  100 fps=  0 q=32764.0 Lsize=     464kB time=3.92 bitrate= 969.6kbits/s    
video:359kB audio:0kB global headers:0kB muxing overhead 29.202823%
[libx264 @ 0x15f0340] frame I:29    Avg QP:26.36  size:  6168
[libx264 @ 0x15f0340] frame P:71    Avg QP:27.93  size:  4058
[libx264 @ 0x15f0340] mb I  I16..4:  9.5% 79.3% 11.2%
[libx264 @ 0x15f0340] mb P  I16..4:  4.7% 29.3%  5.9%  P16..4: 22.3% 23.6%  9.6%  0.0%  0.0%    skip: 4.7%
[libx264 @ 0x15f0340] 8x8 transform intra:76.4% inter:74.4%
[libx264 @ 0x15f0340] coded y,uvDC,uvAC intra: 73.0% 94.3% 79.0% inter: 52.7% 63.1% 14.5%
[libx264 @ 0x15f0340] i16 v,h,dc,p: 10% 39% 12% 39%
[libx264 @ 0x15f0340] i8 v,h,dc,ddl,ddr,vr,hd,vl,hu: 20% 15% 20%  6%  6%  8%  5% 12%  7%
[libx264 @ 0x15f0340] i4 v,h,dc,ddl,ddr,vr,hd,vl,hu: 23% 12% 15%  9%  7% 10%  6% 12%  5%
[libx264 @ 0x15f0340] i8c dc,h,v,p: 42% 19% 22% 17%
[libx264 @ 0x15f0340] Weighted P-Frames: Y:11.3% UV:7.0%
[libx264 @ 0x15f0340] kb/s:933.97
bench: utime=1.134s maxrss=37576kB
