avconv version 9.18-6:9.18-0ubuntu0.14.04.1+fdkaac, Copyright (c) 2000-2014 the Libav developers
  built on Apr 10 2015 23:18:58 with gcc 4.8 (Ubuntu 4.8.2-19ubuntu1)
Input #0, image2, from 'imagenes/Cubo%02d.png':
  Duration: 00:00:04.00, start: 0.000000, bitrate: N/A
    Stream #0.0: Video: png, rgb24, 320x240, 25 fps, 25 tbr, 25 tbn
[libx264 @ 0x1206340] using cpu capabilities: MMX2 SSE2Fast SSSE3 SSE4.2 AVX
[libx264 @ 0x1206340] profile High, level 1.3
Output #0, avi, to 'h264/cub_h264_g11_ref0_r25.avi':
  Metadata:
    ISFT            : Lavf54.20.4
    Stream #0.0: Video: libx264, yuv420p, 320x240, q=-1--1, 25 tbn, 25 tbc
Stream mapping:
  Stream #0:0 -> #0:0 (png -> libx264)
Press ctrl-c to stop encoding
frame=  100 fps=  0 q=32766.0 Lsize=     433kB time=3.92 bitrate= 904.6kbits/s    
video:310kB audio:0kB global headers:0kB muxing overhead 39.824165%
[libx264 @ 0x1206340] frame I:12    Avg QP:25.88  size:  6599
[libx264 @ 0x1206340] frame P:88    Avg QP:27.92  size:  4045
[libx264 @ 0x1206340] mb I  I16..4: 10.8% 80.6%  8.6%
[libx264 @ 0x1206340] mb P  I16..4:  4.8% 29.1%  5.4%  P16..4: 22.6% 24.1%  9.7%  0.0%  0.0%    skip: 4.2%
[libx264 @ 0x1206340] 8x8 transform intra:75.7% inter:74.8%
[libx264 @ 0x1206340] coded y,uvDC,uvAC intra: 72.2% 93.9% 77.7% inter: 53.5% 64.1% 15.0%
[libx264 @ 0x1206340] i16 v,h,dc,p: 11% 40% 13% 36%
[libx264 @ 0x1206340] i8 v,h,dc,ddl,ddr,vr,hd,vl,hu: 20% 14% 21%  6%  6%  9%  5% 12%  7%
[libx264 @ 0x1206340] i4 v,h,dc,ddl,ddr,vr,hd,vl,hu: 23% 11% 15%  9%  7% 10%  6% 13%  5%
[libx264 @ 0x1206340] i8c dc,h,v,p: 41% 20% 23% 17%
[libx264 @ 0x1206340] Weighted P-Frames: Y:17.0% UV:13.6%
[libx264 @ 0x1206340] kb/s:870.22
bench: utime=1.294s maxrss=38328kB
