avconv version 9.18-6:9.18-0ubuntu0.14.04.1+fdkaac, Copyright (c) 2000-2014 the Libav developers
  built on Apr 10 2015 23:18:58 with gcc 4.8 (Ubuntu 4.8.2-19ubuntu1)
Input #0, image2, from 'imagenes/Cubo%02d.png':
  Duration: 00:00:04.00, start: 0.000000, bitrate: N/A
    Stream #0.0: Video: png, rgb24, 320x240, 25 fps, 25 tbr, 25 tbn
[libx264 @ 0x6ed340] using cpu capabilities: MMX2 SSE2Fast SSSE3 SSE4.2 AVX
[libx264 @ 0x6ed340] profile High, level 1.3
Output #0, avi, to 'h264/cub_h264_g25_ref0_r25.avi':
  Metadata:
    ISFT            : Lavf54.20.4
    Stream #0.0: Video: libx264, yuv420p, 320x240, q=-1--1, 25 tbn, 25 tbc
Stream mapping:
  Stream #0:0 -> #0:0 (png -> libx264)
Press ctrl-c to stop encoding
frame=  100 fps=  0 q=32763.0 Lsize=     447kB time=3.92 bitrate= 934.3kbits/s    
video:258kB audio:0kB global headers:0kB muxing overhead 73.471615%
[libx264 @ 0x6ed340] frame I:20    Avg QP:25.83  size:  6583
[libx264 @ 0x6ed340] frame P:80    Avg QP:27.94  size:  3975
[libx264 @ 0x6ed340] mb I  I16..4: 10.0% 81.4%  8.6%
[libx264 @ 0x6ed340] mb P  I16..4:  4.8% 27.0%  4.9%  P16..4: 23.1% 25.3% 10.6%  0.0%  0.0%    skip: 4.3%
[libx264 @ 0x6ed340] 8x8 transform intra:76.7% inter:74.5%
[libx264 @ 0x6ed340] coded y,uvDC,uvAC intra: 72.2% 93.9% 77.7% inter: 53.9% 63.7% 14.5%
[libx264 @ 0x6ed340] i16 v,h,dc,p: 10% 39% 13% 38%
[libx264 @ 0x6ed340] i8 v,h,dc,ddl,ddr,vr,hd,vl,hu: 20% 14% 21%  6%  6%  8%  5% 12%  7%
[libx264 @ 0x6ed340] i4 v,h,dc,ddl,ddr,vr,hd,vl,hu: 23% 12% 15%  9%  7% 10%  6% 13%  5%
[libx264 @ 0x6ed340] i8c dc,h,v,p: 41% 20% 22% 17%
[libx264 @ 0x6ed340] Weighted P-Frames: Y:16.2% UV:12.5%
[libx264 @ 0x6ed340] kb/s:899.34
bench: utime=1.228s maxrss=43484kB
