avconv version 9.18-6:9.18-0ubuntu0.14.04.1+fdkaac, Copyright (c) 2000-2014 the Libav developers
  built on Apr 10 2015 23:18:58 with gcc 4.8 (Ubuntu 4.8.2-19ubuntu1)
Input #0, image2, from 'imagenes/Cubo%02d.png':
  Duration: 00:00:04.00, start: 0.000000, bitrate: N/A
    Stream #0.0: Video: png, rgb24, 320x240, 25 fps, 25 tbr, 25 tbn
[libx264 @ 0x17fe340] using cpu capabilities: MMX2 SSE2Fast SSSE3 SSE4.2 AVX
[libx264 @ 0x17fe340] profile High, level 1.3
Output #0, avi, to 'h264/cub_h264_g16_ref0_r25.avi':
  Metadata:
    ISFT            : Lavf54.20.4
    Stream #0.0: Video: libx264, yuv420p, 320x240, q=-1--1, 25 tbn, 25 tbc
Stream mapping:
  Stream #0:0 -> #0:0 (png -> libx264)
Press ctrl-c to stop encoding
frame=  100 fps=  0 q=32764.0 Lsize=     425kB time=3.92 bitrate= 887.9kbits/s    
video:284kB audio:0kB global headers:0kB muxing overhead 49.732068%
[libx264 @ 0x17fe340] frame I:8     Avg QP:25.98  size:  6476
[libx264 @ 0x17fe340] frame P:92    Avg QP:27.93  size:  4077
[libx264 @ 0x17fe340] mb I  I16..4:  9.2% 82.5%  8.3%
[libx264 @ 0x17fe340] mb P  I16..4:  4.8% 29.8%  5.9%  P16..4: 22.2% 23.8%  9.2%  0.0%  0.0%    skip: 4.2%
[libx264 @ 0x17fe340] 8x8 transform intra:75.1% inter:73.9%
[libx264 @ 0x17fe340] coded y,uvDC,uvAC intra: 72.4% 93.7% 77.6% inter: 53.4% 64.1% 15.1%
[libx264 @ 0x17fe340] i16 v,h,dc,p: 10% 43% 12% 35%
[libx264 @ 0x17fe340] i8 v,h,dc,ddl,ddr,vr,hd,vl,hu: 20% 14% 21%  6%  6%  8%  5% 12%  7%
[libx264 @ 0x17fe340] i4 v,h,dc,ddl,ddr,vr,hd,vl,hu: 24% 11% 15%  9%  7% 10%  6% 13%  5%
[libx264 @ 0x17fe340] i8c dc,h,v,p: 41% 20% 23% 17%
[libx264 @ 0x17fe340] Weighted P-Frames: Y:16.3% UV:13.0%
[libx264 @ 0x17fe340] kb/s:853.85
bench: utime=1.292s maxrss=41216kB
