avconv version 9.18-6:9.18-0ubuntu0.14.04.1+fdkaac, Copyright (c) 2000-2014 the Libav developers
  built on Apr 10 2015 23:18:58 with gcc 4.8 (Ubuntu 4.8.2-19ubuntu1)
Input #0, image2, from 'imagenes/Cubo%02d.png':
  Duration: 00:00:04.00, start: 0.000000, bitrate: N/A
    Stream #0.0: Video: png, rgb24, 320x240, 25 fps, 25 tbr, 25 tbn
[libx264 @ 0x16b1340] using cpu capabilities: MMX2 SSE2Fast SSSE3 SSE4.2 AVX
[libx264 @ 0x16b1340] profile High, level 1.3
Output #0, avi, to 'h264/cub_h264_g97_ref0_r25.avi':
  Metadata:
    ISFT            : Lavf54.20.4
    Stream #0.0: Video: libx264, yuv420p, 320x240, q=-1--1, 25 tbn, 25 tbc
Stream mapping:
  Stream #0:0 -> #0:0 (png -> libx264)
Press ctrl-c to stop encoding
frame=  100 fps=  0 q=32763.0 Lsize=     426kB time=3.92 bitrate= 891.2kbits/s    
video:186kB audio:0kB global headers:0kB muxing overhead 128.748933%
[libx264 @ 0x16b1340] frame I:9     Avg QP:25.89  size:  6513
[libx264 @ 0x16b1340] frame P:91    Avg QP:27.92  size:  4065
[libx264 @ 0x16b1340] mb I  I16..4: 10.9% 79.9%  9.2%
[libx264 @ 0x16b1340] mb P  I16..4:  4.7% 29.5%  5.7%  P16..4: 22.6% 23.8%  9.5%  0.0%  0.0%    skip: 4.2%
[libx264 @ 0x16b1340] 8x8 transform intra:75.1% inter:74.8%
[libx264 @ 0x16b1340] coded y,uvDC,uvAC intra: 72.3% 93.9% 77.8% inter: 53.5% 64.2% 15.1%
[libx264 @ 0x16b1340] i16 v,h,dc,p: 11% 42% 13% 34%
[libx264 @ 0x16b1340] i8 v,h,dc,ddl,ddr,vr,hd,vl,hu: 20% 14% 21%  6%  6%  9%  5% 12%  7%
[libx264 @ 0x16b1340] i4 v,h,dc,ddl,ddr,vr,hd,vl,hu: 23% 11% 15%  9%  7% 10%  6% 14%  5%
[libx264 @ 0x16b1340] i8c dc,h,v,p: 41% 20% 23% 16%
[libx264 @ 0x16b1340] Weighted P-Frames: Y:17.6% UV:14.3%
[libx264 @ 0x16b1340] kb/s:857.11
bench: utime=1.297s maxrss=56500kB
