avconv version 9.18-6:9.18-0ubuntu0.14.04.1+fdkaac, Copyright (c) 2000-2014 the Libav developers
  built on Apr 10 2015 23:18:58 with gcc 4.8 (Ubuntu 4.8.2-19ubuntu1)
Input #0, image2, from 'imagenes/Cubo%02d.png':
  Duration: 00:00:04.00, start: 0.000000, bitrate: N/A
    Stream #0.0: Video: png, rgb24, 320x240, 25 fps, 25 tbr, 25 tbn
[libx264 @ 0x21623c0] using cpu capabilities: MMX2 SSE2Fast SSSE3 SSE4.2 AVX
[libx264 @ 0x21623c0] profile High, level 1.3
Output #0, avi, to 'h264/cub_h264_g1_ref0_r25.avi':
  Metadata:
    ISFT            : Lavf54.20.4
    Stream #0.0: Video: libx264, yuv420p, 320x240, q=-1--1, 25 tbn, 25 tbc
Stream mapping:
  Stream #0:0 -> #0:0 (png -> libx264)
Press ctrl-c to stop encoding
frame=  100 fps=  0 q=32763.0 Lsize=     483kB time=4.00 bitrate= 990.0kbits/s    
video:413kB audio:0kB global headers:0kB muxing overhead 16.993628%
[libx264 @ 0x21623c0] frame I:100   Avg QP:28.44  size:  4869
[libx264 @ 0x21623c0] mb I  I16..4: 12.0% 73.4% 14.7%
[libx264 @ 0x21623c0] 8x8 transform intra:73.4%
[libx264 @ 0x21623c0] coded y,uvDC,uvAC intra: 68.1% 94.1% 77.6%
[libx264 @ 0x21623c0] i16 v,h,dc,p: 10% 32% 14% 44%
[libx264 @ 0x21623c0] i8 v,h,dc,ddl,ddr,vr,hd,vl,hu: 21% 15% 20%  6%  5%  7%  5% 12%  7%
[libx264 @ 0x21623c0] i4 v,h,dc,ddl,ddr,vr,hd,vl,hu: 25% 14% 15% 10%  6%  8%  5% 12%  4%
[libx264 @ 0x21623c0] i8c dc,h,v,p: 43% 19% 22% 16%
[libx264 @ 0x21623c0] kb/s:973.72
bench: utime=0.601s maxrss=27676kB
