avconv version 9.18-6:9.18-0ubuntu0.14.04.1+fdkaac, Copyright (c) 2000-2014 the Libav developers
  built on Apr 10 2015 23:18:58 with gcc 4.8 (Ubuntu 4.8.2-19ubuntu1)
Input #0, image2, from 'imagenes/Cubo%02d.png':
  Duration: 00:00:04.00, start: 0.000000, bitrate: N/A
    Stream #0.0: Video: png, rgb24, 320x240, 25 fps, 25 tbr, 25 tbn
[libx264 @ 0xa80340] using cpu capabilities: MMX2 SSE2Fast SSSE3 SSE4.2 AVX
[libx264 @ 0xa80340] profile High, level 1.3
Output #0, avi, to 'h264/cub_h264_g54_ref0_r25.avi':
  Metadata:
    ISFT            : Lavf54.20.4
    Stream #0.0: Video: libx264, yuv420p, 320x240, q=-1--1, 25 tbn, 25 tbc
Stream mapping:
  Stream #0:0 -> #0:0 (png -> libx264)
Press ctrl-c to stop encoding
frame=  100 fps=  0 q=32764.0 Lsize=     438kB time=3.92 bitrate= 915.7kbits/s    
video:189kB audio:0kB global headers:0kB muxing overhead 131.708652%
[libx264 @ 0xa80340] frame I:16    Avg QP:25.89  size:  6554
[libx264 @ 0xa80340] frame P:84    Avg QP:27.92  size:  3996
[libx264 @ 0xa80340] mb I  I16..4: 10.1% 80.9%  8.9%
[libx264 @ 0xa80340] mb P  I16..4:  4.9% 27.6%  5.2%  P16..4: 22.8% 25.2% 10.1%  0.0%  0.0%    skip: 4.1%
[libx264 @ 0xa80340] 8x8 transform intra:75.8% inter:74.2%
[libx264 @ 0xa80340] coded y,uvDC,uvAC intra: 71.9% 93.6% 77.1% inter: 54.0% 63.9% 14.9%
[libx264 @ 0xa80340] i16 v,h,dc,p:  9% 41% 13% 36%
[libx264 @ 0xa80340] i8 v,h,dc,ddl,ddr,vr,hd,vl,hu: 20% 14% 21%  6%  6%  8%  5% 12%  7%
[libx264 @ 0xa80340] i4 v,h,dc,ddl,ddr,vr,hd,vl,hu: 23% 11% 15%  9%  7% 10%  6% 13%  5%
[libx264 @ 0xa80340] i8c dc,h,v,p: 41% 20% 22% 17%
[libx264 @ 0xa80340] Weighted P-Frames: Y:17.9% UV:14.3%
[libx264 @ 0xa80340] kb/s:881.08
bench: utime=1.274s maxrss=48636kB
