avconv version 9.18-6:9.18-0ubuntu0.14.04.1+fdkaac, Copyright (c) 2000-2014 the Libav developers
  built on Apr 10 2015 23:18:58 with gcc 4.8 (Ubuntu 4.8.2-19ubuntu1)
Input #0, image2, from 'imagenes/Cubo%02d.png':
  Duration: 00:00:04.00, start: 0.000000, bitrate: N/A
    Stream #0.0: Video: png, rgb24, 320x240, 25 fps, 25 tbr, 25 tbn
[libx264 @ 0x105b340] using cpu capabilities: MMX2 SSE2Fast SSSE3 SSE4.2 AVX
[libx264 @ 0x105b340] profile High, level 1.3
Output #0, avi, to 'h264/cub_h264_g18_ref0_r25.avi':
  Metadata:
    ISFT            : Lavf54.20.4
    Stream #0.0: Video: libx264, yuv420p, 320x240, q=-1--1, 25 tbn, 25 tbc
Stream mapping:
  Stream #0:0 -> #0:0 (png -> libx264)
Press ctrl-c to stop encoding
frame=  100 fps=  0 q=32764.0 Lsize=     430kB time=3.92 bitrate= 899.6kbits/s    
video:277kB audio:0kB global headers:0kB muxing overhead 55.392452%
[libx264 @ 0x105b340] frame I:11    Avg QP:26.23  size:  6401
[libx264 @ 0x105b340] frame P:89    Avg QP:27.91  size:  4070
[libx264 @ 0x105b340] mb I  I16..4:  9.9% 79.2% 10.8%
[libx264 @ 0x105b340] mb P  I16..4:  5.1% 30.0%  5.6%  P16..4: 22.1% 23.8%  9.2%  0.0%  0.0%    skip: 4.2%
[libx264 @ 0x105b340] 8x8 transform intra:75.0% inter:75.0%
[libx264 @ 0x105b340] coded y,uvDC,uvAC intra: 71.9% 93.7% 77.4% inter: 53.7% 64.4% 15.2%
[libx264 @ 0x105b340] i16 v,h,dc,p: 11% 41% 13% 36%
[libx264 @ 0x105b340] i8 v,h,dc,ddl,ddr,vr,hd,vl,hu: 20% 14% 21%  6%  6%  9%  5% 12%  7%
[libx264 @ 0x105b340] i4 v,h,dc,ddl,ddr,vr,hd,vl,hu: 23% 12% 15%  9%  7% 10%  6% 13%  5%
[libx264 @ 0x105b340] i8c dc,h,v,p: 41% 19% 22% 17%
[libx264 @ 0x105b340] Weighted P-Frames: Y:18.0% UV:14.6%
[libx264 @ 0x105b340] kb/s:865.32
bench: utime=1.275s maxrss=42012kB
