avconv version 9.18-6:9.18-0ubuntu0.14.04.1+fdkaac, Copyright (c) 2000-2014 the Libav developers
  built on Apr 10 2015 23:18:58 with gcc 4.8 (Ubuntu 4.8.2-19ubuntu1)
Input #0, image2, from 'imagenes/Cubo%02d.png':
  Duration: 00:00:04.00, start: 0.000000, bitrate: N/A
    Stream #0.0: Video: png, rgb24, 320x240, 25 fps, 25 tbr, 25 tbn
[libx264 @ 0x245f340] using cpu capabilities: MMX2 SSE2Fast SSSE3 SSE4.2 AVX
[libx264 @ 0x245f340] profile High, level 1.3
Output #0, avi, to 'h264/cub_h264_g48_ref0_r25.avi':
  Metadata:
    ISFT            : Lavf54.20.4
    Stream #0.0: Video: libx264, yuv420p, 320x240, q=-1--1, 25 tbn, 25 tbc
Stream mapping:
  Stream #0:0 -> #0:0 (png -> libx264)
Press ctrl-c to stop encoding
frame=  100 fps=  0 q=32765.0 Lsize=     442kB time=3.92 bitrate= 924.0kbits/s    
video:193kB audio:0kB global headers:0kB muxing overhead 129.179427%
[libx264 @ 0x245f340] frame I:18    Avg QP:25.88  size:  6572
[libx264 @ 0x245f340] frame P:82    Avg QP:27.93  size:  3980
[libx264 @ 0x245f340] mb I  I16..4: 10.0% 81.1%  8.9%
[libx264 @ 0x245f340] mb P  I16..4:  4.9% 27.2%  5.0%  P16..4: 23.1% 25.3% 10.3%  0.0%  0.0%    skip: 4.2%
[libx264 @ 0x245f340] 8x8 transform intra:76.1% inter:74.5%
[libx264 @ 0x245f340] coded y,uvDC,uvAC intra: 72.0% 93.6% 77.2% inter: 54.1% 63.9% 14.7%
[libx264 @ 0x245f340] i16 v,h,dc,p: 10% 41% 13% 37%
[libx264 @ 0x245f340] i8 v,h,dc,ddl,ddr,vr,hd,vl,hu: 20% 14% 21%  6%  6%  8%  5% 12%  7%
[libx264 @ 0x245f340] i4 v,h,dc,ddl,ddr,vr,hd,vl,hu: 23% 11% 15%  9%  7% 10%  6% 13%  5%
[libx264 @ 0x245f340] i8c dc,h,v,p: 41% 20% 22% 17%
[libx264 @ 0x245f340] Weighted P-Frames: Y:18.3% UV:14.6%
[libx264 @ 0x245f340] kb/s:889.25
bench: utime=1.262s maxrss=50656kB
